[     377ms] [WARNING] cdn.tailwindcss.com should not be used in production. To use Tailwind CSS in production, install it as a PostCSS plugin or use the Tailwind CLI: https://tailwindcss.com/docs/installation @ https://cdn.tailwindcss.com/:63
[     847ms] [ERROR] Failed to load resource: the server responded with a status of 404 (Not Found) @ http://localhost:3334/favicon.ico:0
[     881ms] [WARNING] cdn.tailwindcss.com should not be used in production. To use Tailwind CSS in production, install it as a PostCSS plugin or use the Tailwind CLI: https://tailwindcss.com/docs/installation @ https://cdn.tailwindcss.com/:63
[    1181ms] [LOG] [ws] connected @ http://localhost:3334/:669
[    1204ms] [WARNING] cdn.tailwindcss.com should not be used in production. To use Tailwind CSS in production, install it as a PostCSS plugin or use the Tailwind CLI: https://tailwindcss.com/docs/installation @ https://cdn.tailwindcss.com/:63
[11956305ms] [ERROR] Failed to load resource: net::ERR_TIMED_OUT @ http://localhost:3333/__reload:0
[12197813ms] [ERROR] Failed to load resource: net::ERR_TIMED_OUT @ http://localhost:3333/__reload:0
[12440073ms] [ERROR] Failed to load resource: net::ERR_TIMED_OUT @ http://localhost:3333/__reload:0
[12683455ms] [ERROR] Failed to load resource: net::ERR_TIMED_OUT @ http://localhost:3333/__reload:0
[12928525ms] [ERROR] Failed to load resource: net::ERR_TIMED_OUT @ http://localhost:3333/__reload:0
[13176127ms] [ERROR] Failed to load resource: net::ERR_TIMED_OUT @ http://localhost:3333/__reload:0
[13427524ms] [ERROR] Failed to load resource: net::ERR_TIMED_OUT @ http://localhost:3333/__reload:0
[13684616ms] [ERROR] Failed to load resource: net::ERR_TIMED_OUT @ http://localhost:3333/__reload:0
[13950250ms] [ERROR] Failed to load resource: net::ERR_TIMED_OUT @ http://localhost:3333/__reload:0
[14220258ms] [ERROR] Failed to load resource: net::ERR_TIMED_OUT @ http://localhost:3333/__reload:0
[14490267ms] [ERROR] Failed to load resource: net::ERR_TIMED_OUT @ http://localhost:3333/__reload:0
[14760271ms] [ERROR] Failed to load resource: net::ERR_TIMED_OUT @ http://localhost:3333/__reload:0
[14917982ms] [ERROR] Failed to load resource: net::ERR_NETWORK_CHANGED @ http://localhost:3333/__reload:0
[15187990ms] [ERROR] Failed to load resource: net::ERR_TIMED_OUT @ http://localhost:3333/__reload:0
[15457998ms] [ERROR] Failed to load resource: net::ERR_TIMED_OUT @ http://localhost:3333/__reload:0
[15728006ms] [ERROR] Failed to load resource: net::ERR_TIMED_OUT @ http://localhost:3333/__reload:0
[15998016ms] [ERROR] Failed to load resource: net::ERR_TIMED_OUT @ http://localhost:3333/__reload:0
[16268026ms] [ERROR] Failed to load resource: net::ERR_TIMED_OUT @ http://localhost:3333/__reload:0
[16538034ms] [ERROR] Failed to load resource: net::ERR_TIMED_OUT @ http://localhost:3333/__reload:0
[16808042ms] [ERROR] Failed to load resource: net::ERR_TIMED_OUT @ http://localhost:3333/__reload:0
[17078051ms] [ERROR] Failed to load resource: net::ERR_TIMED_OUT @ http://localhost:3333/__reload:0
[17348062ms] [ERROR] Failed to load resource: net::ERR_TIMED_OUT @ http://localhost:3333/__reload:0
[17618071ms] [ERROR] Failed to load resource: net::ERR_TIMED_OUT @ http://localhost:3333/__reload:0
[17888080ms] [ERROR] Failed to load resource: net::ERR_TIMED_OUT @ http://localhost:3333/__reload:0
[18158088ms] [ERROR] Failed to load resource: net::ERR_TIMED_OUT @ http://localhost:3333/__reload:0
[18428096ms] [ERROR] Failed to load resource: net::ERR_TIMED_OUT @ http://localhost:3333/__reload:0
[18698105ms] [ERROR] Failed to load resource: net::ERR_TIMED_OUT @ http://localhost:3333/__reload:0
[18968111ms] [ERROR] Failed to load resource: net::ERR_TIMED_OUT @ http://localhost:3333/__reload:0
[19238119ms] [ERROR] Failed to load resource: net::ERR_TIMED_OUT @ http://localhost:3333/__reload:0
[19508134ms] [ERROR] Failed to load resource: net::ERR_TIMED_OUT @ http://localhost:3333/__reload:0
[19778143ms] [ERROR] Failed to load resource: net::ERR_TIMED_OUT @ http://localhost:3333/__reload:0
[20048157ms] [ERROR] Failed to load resource: net::ERR_TIMED_OUT @ http://localhost:3333/__reload:0
[20318165ms] [ERROR] Failed to load resource: net::ERR_TIMED_OUT @ http://localhost:3333/__reload:0
[20588173ms] [ERROR] Failed to load resource: net::ERR_TIMED_OUT @ http://localhost:3333/__reload:0
[20858181ms] [ERROR] Failed to load resource: net::ERR_TIMED_OUT @ http://localhost:3333/__reload:0
[21128190ms] [ERROR] Failed to load resource: net::ERR_TIMED_OUT @ http://localhost:3333/__reload:0
[21398198ms] [ERROR] Failed to load resource: net::ERR_TIMED_OUT @ http://localhost:3333/__reload:0
[21668201ms] [ERROR] Failed to load resource: net::ERR_TIMED_OUT @ http://localhost:3333/__reload:0
[21938211ms] [ERROR] Failed to load resource: net::ERR_TIMED_OUT @ http://localhost:3333/__reload:0
[22208219ms] [ERROR] Failed to load resource: net::ERR_TIMED_OUT @ http://localhost:3333/__reload:0
[22478227ms] [ERROR] Failed to load resource: net::ERR_TIMED_OUT @ http://localhost:3333/__reload:0
[22748237ms] [ERROR] Failed to load resource: net::ERR_TIMED_OUT @ http://localhost:3333/__reload:0
[23018245ms] [ERROR] Failed to load resource: net::ERR_TIMED_OUT @ http://localhost:3333/__reload:0
[23288252ms] [ERROR] Failed to load resource: net::ERR_TIMED_OUT @ http://localhost:3333/__reload:0
[23558260ms] [ERROR] Failed to load resource: net::ERR_TIMED_OUT @ http://localhost:3333/__reload:0
[23828270ms] [ERROR] Failed to load resource: net::ERR_TIMED_OUT @ http://localhost:3333/__reload:0
[24098276ms] [ERROR] Failed to load resource: net::ERR_TIMED_OUT @ http://localhost:3333/__reload:0
[24368285ms] [ERROR] Failed to load resource: net::ERR_TIMED_OUT @ http://localhost:3333/__reload:0
[24638295ms] [ERROR] Failed to load resource: net::ERR_TIMED_OUT @ http://localhost:3333/__reload:0
[24908304ms] [ERROR] Failed to load resource: net::ERR_TIMED_OUT @ http://localhost:3333/__reload:0
[25178311ms] [ERROR] Failed to load resource: net::ERR_TIMED_OUT @ http://localhost:3333/__reload:0
[25448320ms] [ERROR] Failed to load resource: net::ERR_TIMED_OUT @ http://localhost:3333/__reload:0
[25718327ms] [ERROR] Failed to load resource: net::ERR_TIMED_OUT @ http://localhost:3333/__reload:0
[25988336ms] [ERROR] Failed to load resource: net::ERR_TIMED_OUT @ http://localhost:3333/__reload:0
[26258343ms] [ERROR] Failed to load resource: net::ERR_TIMED_OUT @ http://localhost:3333/__reload:0
[26528360ms] [ERROR] Failed to load resource: net::ERR_TIMED_OUT @ http://localhost:3333/__reload:0
[26798370ms] [ERROR] Failed to load resource: net::ERR_TIMED_OUT @ http://localhost:3333/__reload:0
[27068379ms] [ERROR] Failed to load resource: net::ERR_TIMED_OUT @ http://localhost:3333/__reload:0
[27338387ms] [ERROR] Failed to load resource: net::ERR_TIMED_OUT @ http://localhost:3333/__reload:0
[27608397ms] [ERROR] Failed to load resource: net::ERR_TIMED_OUT @ http://localhost:3333/__reload:0
[27878405ms] [ERROR] Failed to load resource: net::ERR_TIMED_OUT @ http://localhost:3333/__reload:0
[28148414ms] [ERROR] Failed to load resource: net::ERR_TIMED_OUT @ http://localhost:3333/__reload:0
[28418423ms] [ERROR] Failed to load resource: net::ERR_TIMED_OUT @ http://localhost:3333/__reload:0
[28688436ms] [ERROR] Failed to load resource: net::ERR_TIMED_OUT @ http://localhost:3333/__reload:0
[28958454ms] [ERROR] Failed to load resource: net::ERR_TIMED_OUT @ http://localhost:3333/__reload:0
[29228463ms] [ERROR] Failed to load resource: net::ERR_TIMED_OUT @ http://localhost:3333/__reload:0
[29498469ms] [ERROR] Failed to load resource: net::ERR_TIMED_OUT @ http://localhost:3333/__reload:0
[29768477ms] [ERROR] Failed to load resource: net::ERR_TIMED_OUT @ http://localhost:3333/__reload:0
[30038486ms] [ERROR] Failed to load resource: net::ERR_TIMED_OUT @ http://localhost:3333/__reload:0
[30308496ms] [ERROR] Failed to load resource: net::ERR_TIMED_OUT @ http://localhost:3333/__reload:0
[30578510ms] [ERROR] Failed to load resource: net::ERR_TIMED_OUT @ http://localhost:3333/__reload:0
[30848518ms] [ERROR] Failed to load resource: net::ERR_TIMED_OUT @ http://localhost:3333/__reload:0
[31118528ms] [ERROR] Failed to load resource: net::ERR_TIMED_OUT @ http://localhost:3333/__reload:0
[31388538ms] [ERROR] Failed to load resource: net::ERR_TIMED_OUT @ http://localhost:3333/__reload:0
[31658551ms] [ERROR] Failed to load resource: net::ERR_TIMED_OUT @ http://localhost:3333/__reload:0
[31928560ms] [ERROR] Failed to load resource: net::ERR_TIMED_OUT @ http://localhost:3333/__reload:0
[32198571ms] [ERROR] Failed to load resource: net::ERR_TIMED_OUT @ http://localhost:3333/__reload:0
[32468583ms] [ERROR] Failed to load resource: net::ERR_TIMED_OUT @ http://localhost:3333/__reload:0
[32738591ms] [ERROR] Failed to load resource: net::ERR_TIMED_OUT @ http://localhost:3333/__reload:0
[33008600ms] [ERROR] Failed to load resource: net::ERR_TIMED_OUT @ http://localhost:3333/__reload:0
[33278608ms] [ERROR] Failed to load resource: net::ERR_TIMED_OUT @ http://localhost:3333/__reload:0
[33548617ms] [ERROR] Failed to load resource: net::ERR_TIMED_OUT @ http://localhost:3333/__reload:0
[33818626ms] [ERROR] Failed to load resource: net::ERR_TIMED_OUT @ http://localhost:3333/__reload:0
[34088634ms] [ERROR] Failed to load resource: net::ERR_TIMED_OUT @ http://localhost:3333/__reload:0
[34358642ms] [ERROR] Failed to load resource: net::ERR_TIMED_OUT @ http://localhost:3333/__reload:0
[34628651ms] [ERROR] Failed to load resource: net::ERR_TIMED_OUT @ http://localhost:3333/__reload:0
[34898658ms] [ERROR] Failed to load resource: net::ERR_TIMED_OUT @ http://localhost:3333/__reload:0
[35168666ms] [ERROR] Failed to load resource: net::ERR_TIMED_OUT @ http://localhost:3333/__reload:0
[35438674ms] [ERROR] Failed to load resource: net::ERR_TIMED_OUT @ http://localhost:3333/__reload:0
[35708683ms] [ERROR] Failed to load resource: net::ERR_TIMED_OUT @ http://localhost:3333/__reload:0
[35978691ms] [ERROR] Failed to load resource: net::ERR_TIMED_OUT @ http://localhost:3333/__reload:0
[36248698ms] [ERROR] Failed to load resource: net::ERR_TIMED_OUT @ http://localhost:3333/__reload:0
[36518711ms] [ERROR] Failed to load resource: net::ERR_TIMED_OUT @ http://localhost:3333/__reload:0
[36788719ms] [ERROR] Failed to load resource: net::ERR_TIMED_OUT @ http://localhost:3333/__reload:0
[37058728ms] [ERROR] Failed to load resource: net::ERR_TIMED_OUT @ http://localhost:3333/__reload:0
[37328736ms] [ERROR] Failed to load resource: net::ERR_TIMED_OUT @ http://localhost:3333/__reload:0
[37598746ms] [ERROR] Failed to load resource: net::ERR_TIMED_OUT @ http://localhost:3333/__reload:0
[37868755ms] [ERROR] Failed to load resource: net::ERR_TIMED_OUT @ http://localhost:3333/__reload:0
[38138765ms] [ERROR] Failed to load resource: net::ERR_TIMED_OUT @ http://localhost:3333/__reload:0
[38408774ms] [ERROR] Failed to load resource: net::ERR_TIMED_OUT @ http://localhost:3333/__reload:0
[38678782ms] [ERROR] Failed to load resource: net::ERR_TIMED_OUT @ http://localhost:3333/__reload:0
[38948791ms] [ERROR] Failed to load resource: net::ERR_TIMED_OUT @ http://localhost:3333/__reload:0
[39218799ms] [ERROR] Failed to load resource: net::ERR_TIMED_OUT @ http://localhost:3333/__reload:0
[39488809ms] [ERROR] Failed to load resource: net::ERR_TIMED_OUT @ http://localhost:3333/__reload:0
[39758817ms] [ERROR] Failed to load resource: net::ERR_TIMED_OUT @ http://localhost:3333/__reload:0
[40028827ms] [ERROR] Failed to load resource: net::ERR_TIMED_OUT @ http://localhost:3333/__reload:0
[40298836ms] [ERROR] Failed to load resource: net::ERR_TIMED_OUT @ http://localhost:3333/__reload:0
[40568845ms] [ERROR] Failed to load resource: net::ERR_TIMED_OUT @ http://localhost:3333/__reload:0
[40838851ms] [ERROR] Failed to load resource: net::ERR_TIMED_OUT @ http://localhost:3333/__reload:0
[41108859ms] [ERROR] Failed to load resource: net::ERR_TIMED_OUT @ http://localhost:3333/__reload:0
[41378869ms] [ERROR] Failed to load resource: net::ERR_TIMED_OUT @ http://localhost:3333/__reload:0
[41648883ms] [ERROR] Failed to load resource: net::ERR_TIMED_OUT @ http://localhost:3333/__reload:0
[41918891ms] [ERROR] Failed to load resource: net::ERR_TIMED_OUT @ http://localhost:3333/__reload:0
[42188894ms] [ERROR] Failed to load resource: net::ERR_TIMED_OUT @ http://localhost:3333/__reload:0
[42458904ms] [ERROR] Failed to load resource: net::ERR_TIMED_OUT @ http://localhost:3333/__reload:0
[42728909ms] [ERROR] Failed to load resource: net::ERR_TIMED_OUT @ http://localhost:3333/__reload:0
[42998917ms] [ERROR] Failed to load resource: net::ERR_TIMED_OUT @ http://localhost:3333/__reload:0
[43268925ms] [ERROR] Failed to load resource: net::ERR_TIMED_OUT @ http://localhost:3333/__reload:0
[43538942ms] [ERROR] Failed to load resource: net::ERR_TIMED_OUT @ http://localhost:3333/__reload:0
[43808950ms] [ERROR] Failed to load resource: net::ERR_TIMED_OUT @ http://localhost:3333/__reload:0
[44078961ms] [ERROR] Failed to load resource: net::ERR_TIMED_OUT @ http://localhost:3333/__reload:0
[44348976ms] [ERROR] Failed to load resource: net::ERR_TIMED_OUT @ http://localhost:3333/__reload:0
[44618986ms] [ERROR] Failed to load resource: net::ERR_TIMED_OUT @ http://localhost:3333/__reload:0
[44888995ms] [ERROR] Failed to load resource: net::ERR_TIMED_OUT @ http://localhost:3333/__reload:0
[45159005ms] [ERROR] Failed to load resource: net::ERR_TIMED_OUT @ http://localhost:3333/__reload:0
[45429014ms] [ERROR] Failed to load resource: net::ERR_TIMED_OUT @ http://localhost:3333/__reload:0
[45699022ms] [ERROR] Failed to load resource: net::ERR_TIMED_OUT @ http://localhost:3333/__reload:0
[45969031ms] [ERROR] Failed to load resource: net::ERR_TIMED_OUT @ http://localhost:3333/__reload:0
[46239040ms] [ERROR] Failed to load resource: net::ERR_TIMED_OUT @ http://localhost:3333/__reload:0
[46509051ms] [ERROR] Failed to load resource: net::ERR_TIMED_OUT @ http://localhost:3333/__reload:0
[46779060ms] [ERROR] Failed to load resource: net::ERR_TIMED_OUT @ http://localhost:3333/__reload:0
[47049071ms] [ERROR] Failed to load resource: net::ERR_TIMED_OUT @ http://localhost:3333/__reload:0
[47319085ms] [ERROR] Failed to load resource: net::ERR_TIMED_OUT @ http://localhost:3333/__reload:0
[47589094ms] [ERROR] Failed to load resource: net::ERR_TIMED_OUT @ http://localhost:3333/__reload:0
[47859103ms] [ERROR] Failed to load resource: net::ERR_TIMED_OUT @ http://localhost:3333/__reload:0
[48129112ms] [ERROR] Failed to load resource: net::ERR_TIMED_OUT @ http://localhost:3333/__reload:0
[48399120ms] [ERROR] Failed to load resource: net::ERR_TIMED_OUT @ http://localhost:3333/__reload:0
[48669128ms] [ERROR] Failed to load resource: net::ERR_TIMED_OUT @ http://localhost:3333/__reload:0
[48939135ms] [ERROR] Failed to load resource: net::ERR_TIMED_OUT @ http://localhost:3333/__reload:0
[49209145ms] [ERROR] Failed to load resource: net::ERR_TIMED_OUT @ http://localhost:3333/__reload:0
[49479150ms] [ERROR] Failed to load resource: net::ERR_TIMED_OUT @ http://localhost:3333/__reload:0
[49749159ms] [ERROR] Failed to load resource: net::ERR_TIMED_OUT @ http://localhost:3333/__reload:0
[50019170ms] [ERROR] Failed to load resource: net::ERR_TIMED_OUT @ http://localhost:3333/__reload:0
[50289180ms] [ERROR] Failed to load resource: net::ERR_TIMED_OUT @ http://localhost:3333/__reload:0
[50559189ms] [ERROR] Failed to load resource: net::ERR_TIMED_OUT @ http://localhost:3333/__reload:0
[50829197ms] [ERROR] Failed to load resource: net::ERR_TIMED_OUT @ http://localhost:3333/__reload:0
[51099206ms] [ERROR] Failed to load resource: net::ERR_TIMED_OUT @ http://localhost:3333/__reload:0
[51369213ms] [ERROR] Failed to load resource: net::ERR_TIMED_OUT @ http://localhost:3333/__reload:0
[51639226ms] [ERROR] Failed to load resource: net::ERR_TIMED_OUT @ http://localhost:3333/__reload:0
[51909238ms] [ERROR] Failed to load resource: net::ERR_TIMED_OUT @ http://localhost:3333/__reload:0
[52179248ms] [ERROR] Failed to load resource: net::ERR_TIMED_OUT @ http://localhost:3333/__reload:0
[52449257ms] [ERROR] Failed to load resource: net::ERR_TIMED_OUT @ http://localhost:3333/__reload:0
[52719268ms] [ERROR] Failed to load resource: net::ERR_TIMED_OUT @ http://localhost:3333/__reload:0
[52989277ms] [ERROR] Failed to load resource: net::ERR_TIMED_OUT @ http://localhost:3333/__reload:0
[53259287ms] [ERROR] Failed to load resource: net::ERR_TIMED_OUT @ http://localhost:3333/__reload:0
[53529298ms] [ERROR] Failed to load resource: net::ERR_TIMED_OUT @ http://localhost:3333/__reload:0
[53799308ms] [ERROR] Failed to load resource: net::ERR_TIMED_OUT @ http://localhost:3333/__reload:0
[54069320ms] [ERROR] Failed to load resource: net::ERR_TIMED_OUT @ http://localhost:3333/__reload:0
[54339337ms] [ERROR] Failed to load resource: net::ERR_TIMED_OUT @ http://localhost:3333/__reload:0
[54609346ms] [ERROR] Failed to load resource: net::ERR_TIMED_OUT @ http://localhost:3333/__reload:0
[54879359ms] [ERROR] Failed to load resource: net::ERR_TIMED_OUT @ http://localhost:3333/__reload:0
[55149367ms] [ERROR] Failed to load resource: net::ERR_TIMED_OUT @ http://localhost:3333/__reload:0
[55419373ms] [ERROR] Failed to load resource: net::ERR_TIMED_OUT @ http://localhost:3333/__reload:0
[55689388ms] [ERROR] Failed to load resource: net::ERR_TIMED_OUT @ http://localhost:3333/__reload:0
[55959407ms] [ERROR] Failed to load resource: net::ERR_TIMED_OUT @ http://localhost:3333/__reload:0
[56229419ms] [ERROR] Failed to load resource: net::ERR_TIMED_OUT @ http://localhost:3333/__reload:0
[56499430ms] [ERROR] Failed to load resource: net::ERR_TIMED_OUT @ http://localhost:3333/__reload:0
[56769440ms] [ERROR] Failed to load resource: net::ERR_TIMED_OUT @ http://localhost:3333/__reload:0
[57039456ms] [ERROR] Failed to load resource: net::ERR_TIMED_OUT @ http://localhost:3333/__reload:0
[57309472ms] [ERROR] Failed to load resource: net::ERR_TIMED_OUT @ http://localhost:3333/__reload:0
[57579488ms] [ERROR] Failed to load resource: net::ERR_TIMED_OUT @ http://localhost:3333/__reload:0
[57849498ms] [ERROR] Failed to load resource: net::ERR_TIMED_OUT @ http://localhost:3333/__reload:0
[58119509ms] [ERROR] Failed to load resource: net::ERR_TIMED_OUT @ http://localhost:3333/__reload:0
[58389520ms] [ERROR] Failed to load resource: net::ERR_TIMED_OUT @ http://localhost:3333/__reload:0
[58659533ms] [ERROR] Failed to load resource: net::ERR_TIMED_OUT @ http://localhost:3333/__reload:0
[58929543ms] [ERROR] Failed to load resource: net::ERR_TIMED_OUT @ http://localhost:3333/__reload:0
[59199558ms] [ERROR] Failed to load resource: net::ERR_TIMED_OUT @ http://localhost:3333/__reload:0
[59469570ms] [ERROR] Failed to load resource: net::ERR_TIMED_OUT @ http://localhost:3333/__reload:0
[59739580ms] [ERROR] Failed to load resource: net::ERR_TIMED_OUT @ http://localhost:3333/__reload:0
[60009592ms] [ERROR] Failed to load resource: net::ERR_TIMED_OUT @ http://localhost:3333/__reload:0
[60279602ms] [ERROR] Failed to load resource: net::ERR_TIMED_OUT @ http://localhost:3333/__reload:0
[60549614ms] [ERROR] Failed to load resource: net::ERR_TIMED_OUT @ http://localhost:3333/__reload:0
[60819626ms] [ERROR] Failed to load resource: net::ERR_TIMED_OUT @ http://localhost:3333/__reload:0
[61089640ms] [ERROR] Failed to load resource: net::ERR_TIMED_OUT @ http://localhost:3333/__reload:0
[61359652ms] [ERROR] Failed to load resource: net::ERR_TIMED_OUT @ http://localhost:3333/__reload:0
[61629663ms] [ERROR] Failed to load resource: net::ERR_TIMED_OUT @ http://localhost:3333/__reload:0
[61899676ms] [ERROR] Failed to load resource: net::ERR_TIMED_OUT @ http://localhost:3333/__reload:0
[62169689ms] [ERROR] Failed to load resource: net::ERR_TIMED_OUT @ http://localhost:3333/__reload:0
[62439704ms] [ERROR] Failed to load resource: net::ERR_TIMED_OUT @ http://localhost:3333/__reload:0
[62709717ms] [ERROR] Failed to load resource: net::ERR_TIMED_OUT @ http://localhost:3333/__reload:0
[62979731ms] [ERROR] Failed to load resource: net::ERR_TIMED_OUT @ http://localhost:3333/__reload:0
[63249747ms] [ERROR] Failed to load resource: net::ERR_TIMED_OUT @ http://localhost:3333/__reload:0
[63519759ms] [ERROR] Failed to load resource: net::ERR_TIMED_OUT @ http://localhost:3333/__reload:0
