[     203ms] [WARNING] cdn.tailwindcss.com should not be used in production. To use Tailwind CSS in production, install it as a PostCSS plugin or use the Tailwind CLI: https://tailwindcss.com/docs/installation @ https://cdn.tailwindcss.com/:63
[     462ms] [LOG] [ws] connected @ http://localhost:3334/:992
[     471ms] [ERROR] Failed to load resource: the server responded with a status of 404 (Not Found) @ http://localhost:3334/favicon.ico:0
[     492ms] [WARNING] cdn.tailwindcss.com should not be used in production. To use Tailwind CSS in production, install it as a PostCSS plugin or use the Tailwind CLI: https://tailwindcss.com/docs/installation @ https://cdn.tailwindcss.com/:63
[     710ms] [ERROR] Failed to load resource: the server responded with a status of 404 (Not Found) @ http://localhost:3334/site-assets/uploads/fam-test-input-knockout.png:0
[     711ms] [ERROR] Failed to load resource: the server responded with a status of 404 (Not Found) @ http://localhost:3334/site-assets/uploads/fam-batch-a-knockout.png:0
[     711ms] [ERROR] Failed to load resource: the server responded with a status of 404 (Not Found) @ http://localhost:3334/site-assets/uploads/fam-batch-b-knockout.png:0
[     711ms] [ERROR] Failed to load resource: the server responded with a status of 404 (Not Found) @ http://localhost:3334/site-assets/uploads/fam-dark-test-knockout.png:0
[  112382ms] [LOG] [ws] disconnected, reconnecting in 2000ms... @ http://localhost:3334/:1017
[  112877ms] [ERROR] Failed to load resource: net::ERR_CONNECTION_REFUSED @ http://localhost:3333/__reload:0
[  114381ms] [ERROR] Failed to load resource: net::ERR_CONNECTION_REFUSED @ http://localhost:3333/__reload:0
[  114385ms] [ERROR] WebSocket connection to 'ws://localhost:3334/' failed: Error in connection establishment: net::ERR_CONNECTION_REFUSED @ http://localhost:3334/:990
[  114385ms] [LOG] [ws] disconnected, reconnecting in 4000ms... @ http://localhost:3334/:1017
[  116633ms] [ERROR] Failed to load resource: net::ERR_CONNECTION_REFUSED @ http://localhost:3333/__reload:0
[  118388ms] [ERROR] WebSocket connection to 'ws://localhost:3334/' failed: Error in connection establishment: net::ERR_CONNECTION_REFUSED @ http://localhost:3334/:990
[  118388ms] [LOG] [ws] disconnected, reconnecting in 8000ms... @ http://localhost:3334/:1017
[  120010ms] [ERROR] Failed to load resource: net::ERR_CONNECTION_REFUSED @ http://localhost:3333/__reload:0
[  125075ms] [ERROR] Failed to load resource: net::ERR_CONNECTION_REFUSED @ http://localhost:3333/__reload:0
[  126394ms] [LOG] [ws] connected @ http://localhost:3334/:992
[  126476ms] [WARNING] cdn.tailwindcss.com should not be used in production. To use Tailwind CSS in production, install it as a PostCSS plugin or use the Tailwind CLI: https://tailwindcss.com/docs/installation @ https://cdn.tailwindcss.com/:63
