# MBSH Netlify branch-link proof

verified_at=2026-05-05T21:10:00Z

## staging
id=3b4f9abd-d0cd-4b78-9ac1-d1b4b51606bf
name=mbsh-reunion-staging
ssl_url=https://mbsh-reunion-staging.netlify.app
provider=github
repo_url=https://github.com/famtastic-fritz/mbsh-reunion
repo_path=famtastic-fritz/mbsh-reunion
repo_branch=staging
allowed_branches=['staging']
publish_dir=frontend/
build_cmd=None

## production
id=d83da14e-6513-4407-8cdf-8176975690c0
name=loquacious-valkyrie-37d5f8
ssl_url=https://loquacious-valkyrie-37d5f8.netlify.app
provider=github
repo_url=https://github.com/famtastic-fritz/mbsh-reunion
repo_path=famtastic-fritz/mbsh-reunion
repo_branch=main
allowed_branches=['main']
publish_dir=frontend/
build_cmd=None

## latest_staging_deploys
{"branch": "staging", "commit_ref": "cdf8921a047fa11d622065dbb8ccc10efd7d6913", "commit_url": "https://github.com/famtastic-fritz/mbsh-reunion/commit/cdf8921a047fa11d622065dbb8ccc10efd7d6913", "created_at": "2026-05-05T21:01:03.054Z", "id": "69fa5a8f94bf9a4c852c7ae7", "published_at": "2026-05-05T21:01:09.888Z", "ssl_url": "https://mbsh-reunion-staging.netlify.app", "state": "ready"}
{"branch": "staging", "commit_ref": null, "commit_url": null, "created_at": "2026-04-08T10:57:40.928Z", "id": "69d634a4f967f094dc25d89c", "published_at": "2026-04-08T10:57:43.967Z", "ssl_url": "https://mbsh-reunion-staging.netlify.app", "state": "ready"}

## latest_production_deploys
{"branch": "main", "commit_ref": "cdf8921a047fa11d622065dbb8ccc10efd7d6913", "commit_url": "https://github.com/famtastic-fritz/mbsh-reunion/commit/cdf8921a047fa11d622065dbb8ccc10efd7d6913", "created_at": "2026-05-05T19:20:35.663Z", "id": "69fa4303ba4cb3207c194a25", "published_at": "2026-05-05T19:20:41.576Z", "ssl_url": "https://loquacious-valkyrie-37d5f8.netlify.app", "state": "ready"}
{"branch": "main", "commit_ref": "cdf8921a047fa11d622065dbb8ccc10efd7d6913", "commit_url": "https://github.com/famtastic-fritz/mbsh-reunion/commit/cdf8921a047fa11d622065dbb8ccc10efd7d6913", "created_at": "2026-05-05T17:33:47.141Z", "id": "69fa29fb1ef89900085d8a31", "published_at": "2026-05-05T17:33:53.699Z", "ssl_url": "https://loquacious-valkyrie-37d5f8.netlify.app", "state": "ready"}
{"branch": "main", "commit_ref": "6282c64e268f217cc19008828e773a42c022d87a", "commit_url": "https://github.com/famtastic-fritz/mbsh-reunion/commit/6282c64e268f217cc19008828e773a42c022d87a", "created_at": "2026-04-30T00:41:54.340Z", "id": "69f2a55295bf2d0008b8394a", "published_at": "2026-04-30T00:41:59.601Z", "ssl_url": "https://loquacious-valkyrie-37d5f8.netlify.app", "state": "ready"}
{"branch": "main", "commit_ref": "6083c1545c4afceadae33339a5ed237a3600f585", "commit_url": "https://github.com/famtastic-fritz/mbsh-reunion/commit/6083c1545c4afceadae33339a5ed237a3600f585", "created_at": "2026-04-30T00:25:15.965Z", "id": "69f2a16b0653b00008498e4f", "published_at": "2026-04-30T00:25:21.341Z", "ssl_url": "https://loquacious-valkyrie-37d5f8.netlify.app", "state": "ready"}
{"branch": "main", "commit_ref": "0153efce4a2368e6948e3c51cf9d558ff37fd080", "commit_url": "https://github.com/famtastic-fritz/mbsh-reunion/commit/0153efce4a2368e6948e3c51cf9d558ff37fd080", "created_at": "2026-04-29T21:18:44.855Z", "id": "69f275b489fce600074b369c", "published_at": "2026-04-29T21:18:51.436Z", "ssl_url": "https://loquacious-valkyrie-37d5f8.netlify.app", "state": "ready"}
