[19:17:43] === PHASE 3b META-TEST starting ===
[19:17:43] Policy: balanced
[19:17:43] Loading vault context...
[19:17:43]   loaded: spec-2026-05-29.md (3000 chars)
[19:17:43]   loaded: swarm-architecture-2026-05-30.md (3000 chars)
[19:17:43]   loaded: v2-build-plan-2026-05-30.md (3000 chars)
[19:17:43]   loaded: shay-self-orchestration-plan-2026-05-30.md (3000 chars)
[19:17:43]   loaded: comparison-report-2026-05-30.md (3000 chars)
[19:17:43] Total context: 15183 chars
[19:17:43] 
Running meta-test job through Shay's pipeline...
[19:18:53] 
Status:       completed
[19:18:53] Quality gate: PASS
[19:18:53] Output chars: 12159
[19:18:53] Elapsed:      69.4s
[19:18:53] 
Running adversarial self-review (2 skeptics)...
[19:18:59] Adversarial review: needs revision
[19:19:06] Completeness critic found 5 gap(s): ["The SELF-ASSESSMENT section is truncated — the corpus cuts off mid-sentence at 'architectural summaries from' with no content describing what Shay cannot do autonomously or what still requires human execution, meaning the entire second half of that required section is missing", "No Phase 1+2+3a build learnings or retrospective data are present in the corpus — the Swarm Architecture decisions claim to be 'based on what was learned' but no actual lessons-learned, failure modes encountered, or empirical findings from those phases appear anywhere", 'No V2 Desktop screen mockups, wireframes, or prior spec references are cited — the build priorities make specific UI claims (Slot E, Slot B, Bottom Row, chrome patterns) but the corpus contains no source material showing where these slot definitions or UI specifications originated']
[19:19:06] 
=== QUALITY GATES ===
[19:19:06] [PASS] length >= 1000 chars
[19:19:06] [PASS] swarm architecture section present
[19:19:06] [PASS] desktop priorities section present
[19:19:06] [PASS] honest self-assessment section present
[19:19:06] 
✅ PHASE 3b GATE: PASS
[19:19:06] 
Result written to: /Users/famtasticfritz/famtastic/obsidian/Shay-Memory/post-review/phase3b-result-2026-05-30.md
